\BOOKMARK [1][-]{section.1}{Introduction}{}% 1
\BOOKMARK [1][-]{section.2}{A Brief Introduction to Cluster Algebras}{}% 2
\BOOKMARK [2][-]{subsection.2.1}{Clusters, Mutations, and Cluster A-coordinates}{section.2}% 3
\BOOKMARK [2][-]{subsection.2.2}{Cluster X-coordinates}{section.2}% 4
\BOOKMARK [2][-]{subsection.2.3}{Subalgebras and Cluster Polytopes}{section.2}% 5
\BOOKMARK [2][-]{subsection.2.4}{Grassmannian Cluster Algebras and Planar N = 4 sYM Theory}{section.2}% 6
\BOOKMARK [2][-]{subsection.2.5}{Finite Cluster Algebras}{section.2}% 7
\BOOKMARK [2][-]{subsection.2.6}{Cluster Automorphisms}{section.2}% 8
\BOOKMARK [1][-]{section.3}{Cluster Polylogarithms and MHV Amplitudes}{}% 9
\BOOKMARK [2][-]{subsection.3.1}{The Symbol and Cobracket}{section.3}% 10
\BOOKMARK [2][-]{subsection.3.2}{Cluster-Algebraic Structure at Two Loops}{section.3}% 11
\BOOKMARK [2][-]{subsection.3.3}{Subalgebra Structure and Cluster Polylogarithms}{section.3}% 12
\BOOKMARK [1][-]{section.4}{Nonclassical Cluster Polylogarithms}{}% 13
\BOOKMARK [2][-]{subsection.4.1}{a Functions as a Basis}{section.4}% 14
\BOOKMARK [2][-]{subsection.4.2}{Constructing all Cluster Polylogarithms in `39`42`"613A``45`47`"603AGr\(4,7\)}{section.4}% 15
\BOOKMARK [2][-]{subsection.4.3}{Nested Cluster Polylogarithms}{section.4}% 16
\BOOKMARK [1][-]{section.5}{Subalgebra Constructibility and a}{}% 17
\BOOKMARK [2][-]{subsection.5.1}{The a Constructibility of a}{section.5}% 18
\BOOKMARK [2][-]{subsection.5.2}{The a Constructibility of a}{section.5}% 19
\BOOKMARK [2][-]{subsection.5.3}{The Many Facets of a}{section.5}% 20
\BOOKMARK [1][-]{section.6}{Conclusion}{}% 21
\BOOKMARK [1][-]{appendix.A}{Counting Subalgebras of Finite Cluster Algebras}{}% 22
\BOOKMARK [1][-]{appendix.B}{Cobracket Spaces in Finite Cluster Algebras}{}% 23
